<?xml version="1.0" encoding="UTF-8"?>
<testng-results ignored="0" total="1" passed="1" failed="0" skipped="0">
  <reporter-output>
  </reporter-output>
  <suite started-at="2024-01-07T18:49:46 EST" name="Default suite" finished-at="2024-01-07T18:50:19 EST" duration-ms="33264">
    <groups>
    </groups>
    <test started-at="2024-01-07T18:49:46 EST" name="Default test" finished-at="2024-01-07T18:50:19 EST" duration-ms="33264">
      <class name="com.webstar.testcases.TC001_SearchAndCartPage">
        <test-method is-config="true" signature="setup()[pri:0, instance:com.webstar.testcases.TC001_SearchAndCartPage@606e4010]" started-at="2024-01-07T18:49:46 EST" name="setup" finished-at="2024-01-07T18:49:54 EST" duration-ms="8597" status="PASS">
          <reporter-output>
          </reporter-output>
        </test-method> <!-- setup -->
        <test-method signature="scenario()[pri:0, instance:com.webstar.testcases.TC001_SearchAndCartPage@606e4010]" started-at="2024-01-07T18:49:54 EST" name="scenario" finished-at="2024-01-07T18:50:19 EST" duration-ms="24365" status="PASS">
          <reporter-output>
          </reporter-output>
        </test-method> <!-- scenario -->
        <test-method is-config="true" signature="teardown()[pri:0, instance:com.webstar.testcases.TC001_SearchAndCartPage@606e4010]" started-at="2024-01-07T18:50:19 EST" name="teardown" finished-at="2024-01-07T18:50:19 EST" duration-ms="265" status="PASS">
          <reporter-output>
          </reporter-output>
        </test-method> <!-- teardown -->
      </class> <!-- com.webstar.testcases.TC001_SearchAndCartPage -->
    </test> <!-- Default test -->
  </suite> <!-- Default suite -->
</testng-results>
